<?xml version="1.0" encoding="utf-8"?><testsuites name="pytest tests"><testsuite name="pytest" errors="0" failures="0" skipped="0" tests="8" time="1.304" timestamp="2026-08-31T07:53:26.817832+00:00" hostname="agent-env-ebb00497-2665-4b36-8527-98fbd6d581e1"><testcase classname="tests.backend_test.TestCheckout" name="test_create_checkout_session_valid" time="0.805" /><testcase classname="tests.backend_test.TestProducts" name="test_list_products_returns_8" time="0.736" /><testcase classname="tests.backend_test.TestProducts" name="test_filter_by_sneakers" time="0.062" /><testcase classname="tests.backend_test.TestProducts" name="test_filter_by_boots" time="0.060" /><testcase classname="tests.backend_test.TestCheckout" name="test_create_checkout_session_invalid_product" time="0.061" /><testcase classname="tests.backend_test.TestProducts" name="test_get_product_by_id" time="0.059" /><testcase classname="tests.backend_test.TestCheckout" name="test_create_checkout_session_empty_items" time="0.060" /><testcase classname="tests.backend_test.TestProducts" name="test_get_product_not_found" time="0.061" /></testsuite></testsuites>