<?xml version="1.0" encoding="utf-8"?><testsuites name="pytest tests"><testsuite name="pytest" errors="0" failures="0" skipped="0" tests="29" time="6.581" timestamp="2026-09-11T08:38:00.275752+00:00" hostname="agent-env-ebb00497-2665-4b36-8527-98fbd6d581e1"><testcase classname="tests.test_media_and_admin.TestAdminPatch" name="test_wrong_secret_401" time="0.312" /><testcase classname="tests.backend_test.TestProducts" name="test_list_all_products" time="0.345" /><testcase classname="tests.test_media_and_admin.TestAdminPatch" name="test_missing_secret_401" time="0.107" /><testcase classname="tests.backend_test.TestProducts" name="test_filter_atasan" time="0.074" /><testcase classname="tests.backend_test.TestProducts" name="test_filter_blouse" time="0.071" /><testcase classname="tests.test_media_and_admin.TestAdminPatch" name="test_unknown_product_404" time="0.065" /><testcase classname="tests.test_media_and_admin.TestAdminPatch" name="test_empty_body_400" time="0.065" /><testcase classname="tests.backend_test.TestProducts" name="test_filter_tunik_rayon" time="0.114" /><testcase classname="tests.test_media_and_admin.TestAdminPatch" name="test_best_seller_round_trip" time="0.564" /><testcase classname="tests.backend_test.TestProducts" name="test_filter_gamis_maxy" time="0.115" /><testcase classname="tests.backend_test.TestProducts" name="test_filter_midi_dress" time="0.114" /><testcase classname="tests.backend_test.TestProducts" name="test_filter_setelan" time="0.116" /><testcase classname="tests.backend_test.TestProducts" name="test_filter_pyajamas" time="0.114" /><testcase classname="tests.backend_test.TestProducts" name="test_filter_best_seller_empty" time="0.113" /><testcase classname="tests.backend_test.TestCheckoutSession" name="test_checkout_with_variant_and_size" time="0.817" /><testcase classname="tests.backend_test.TestProducts" name="test_filter_promo_empty" time="0.075" /><testcase classname="tests.backend_test.TestProducts" name="test_filter_reseller_empty" time="0.550" /><testcase classname="tests.backend_test.TestProducts" name="test_filter_all_returns_all" time="0.074" /><testcase classname="tests.test_media_and_admin.TestAdminVerify" name="test_correct_secret_ok" time="0.170" /><testcase classname="tests.backend_test.TestCheckoutSession" name="test_checkout_bad_product" time="0.077" /><testcase classname="tests.backend_test.TestCheckoutSession" name="test_checkout_empty_items" time="0.119" /><testcase classname="tests.test_media_and_admin.TestAdminVerify" name="test_wrong_secret_401" time="0.069" /><testcase classname="tests.test_media_and_admin.TestAdminVerify" name="test_missing_secret_401" time="0.068" /><testcase classname="tests.backend_test.TestOversizeBlouseVariants" name="test_35_variants" time="0.084" /><testcase classname="tests.test_media_and_admin.TestMediaStatic" name="test_all_35_product_images_served" time="3.268" /><testcase classname="tests.backend_test.TestOversizeBlouseVariants" name="test_get_404_unknown" time="0.116" /><testcase classname="tests.test_media_and_admin.TestCategoriesEndpoint" name="test_returns_10_in_order" time="0.190" /><testcase classname="tests.test_media_and_admin.TestMediaStatic" name="test_10_category_images_served" time="0.728" /><testcase classname="tests.test_media_and_admin.TestVariantImages" name="test_each_variant_has_own_image" time="0.071" /></testsuite></testsuites>